<?xml version="1.0" encoding="UTF-8"?>
<coverage generated="1676029755373" clover="3.2.0">
  <project timestamp="1676029755373" name="All files">
    <metrics statements="145" coveredstatements="139" conditionals="80" coveredconditionals="68" methods="46" coveredmethods="43" elements="271" coveredelements="250" complexity="0" loc="145" ncloc="145" packages="3" files="12" classes="12"/>
    <package name="application.usecase">
      <metrics statements="34" coveredstatements="32" conditionals="24" coveredconditionals="20" methods="12" coveredmethods="10"/>
      <file name="PlaceOrder.js" path="/home/brisanet/Documentos/rbranas-course/test-patterns-2/dist/src/application/usecase/PlaceOrder.js">
        <metrics statements="31" coveredstatements="29" conditionals="24" coveredconditionals="20" methods="11" coveredmethods="9"/>
        <line num="2" count="1" type="cond" truecount="3" falsecount="0"/>
        <line num="3" count="9" type="cond" truecount="1" falsecount="1"/>
        <line num="4" count="2" type="cond" truecount="2" falsecount="0"/>
        <line num="5" count="9" type="stmt"/>
        <line num="6" count="0" type="stmt"/>
        <line num="7" count="11" type="cond" truecount="2" falsecount="0"/>
        <line num="8" count="2" type="cond" truecount="2" falsecount="0"/>
        <line num="11" count="1" type="cond" truecount="3" falsecount="0"/>
        <line num="12" count="2" type="cond" truecount="3" falsecount="1"/>
        <line num="14" count="1" type="stmt"/>
        <line num="15" count="1" type="stmt"/>
        <line num="16" count="1" type="stmt"/>
        <line num="19" count="2" type="stmt"/>
        <line num="20" count="2" type="stmt"/>
        <line num="21" count="2" type="stmt"/>
        <line num="24" count="2" type="stmt"/>
        <line num="25" count="2" type="stmt"/>
        <line num="26" count="2" type="stmt"/>
        <line num="27" count="6" type="stmt"/>
        <line num="28" count="6" type="cond" truecount="1" falsecount="1"/>
        <line num="29" count="0" type="stmt"/>
        <line num="30" count="6" type="stmt"/>
        <line num="32" count="2" type="cond" truecount="2" falsecount="0"/>
        <line num="33" count="1" type="stmt"/>
        <line num="34" count="1" type="cond" truecount="1" falsecount="1"/>
        <line num="35" count="1" type="stmt"/>
        <line num="37" count="2" type="stmt"/>
        <line num="38" count="2" type="stmt"/>
        <line num="39" count="2" type="stmt"/>
        <line num="40" count="2" type="stmt"/>
        <line num="44" count="1" type="stmt"/>
      </file>
      <file name="PlaceOrderOutput.js" path="/home/brisanet/Documentos/rbranas-course/test-patterns-2/dist/src/application/usecase/PlaceOrderOutput.js">
        <metrics statements="3" coveredstatements="3" conditionals="0" coveredconditionals="0" methods="1" coveredmethods="1"/>
        <line num="2" count="1" type="stmt"/>
        <line num="5" count="2" type="stmt"/>
        <line num="8" count="1" type="stmt"/>
      </file>
    </package>
    <package name="domain.entity">
      <metrics statements="92" coveredstatements="88" conditionals="42" coveredconditionals="36" methods="24" coveredmethods="23"/>
      <file name="Coupon.js" path="/home/brisanet/Documentos/rbranas-course/test-patterns-2/dist/src/domain/entity/Coupon.js">
        <metrics statements="12" coveredstatements="11" conditionals="7" coveredconditionals="4" methods="4" coveredmethods="4"/>
        <line num="2" count="3" type="stmt"/>
        <line num="5" count="7" type="stmt"/>
        <line num="6" count="7" type="stmt"/>
        <line num="7" count="7" type="stmt"/>
        <line num="10" count="8" type="cond" truecount="2" falsecount="0"/>
        <line num="11" count="5" type="stmt"/>
        <line num="12" count="3" type="stmt"/>
        <line num="15" count="7" type="stmt"/>
        <line num="18" count="3" type="cond" truecount="1" falsecount="1"/>
        <line num="19" count="0" type="stmt"/>
        <line num="20" count="3" type="stmt"/>
        <line num="23" count="3" type="stmt"/>
      </file>
      <file name="Cpf.js" path="/home/brisanet/Documentos/rbranas-course/test-patterns-2/dist/src/domain/entity/Cpf.js">
        <metrics statements="27" coveredstatements="24" conditionals="12" coveredconditionals="10" methods="7" coveredmethods="6"/>
        <line num="2" count="3" type="stmt"/>
        <line num="5" count="14" type="cond" truecount="2" falsecount="0"/>
        <line num="6" count="5" type="stmt"/>
        <line num="7" count="9" type="stmt"/>
        <line num="10" count="14" type="cond" truecount="1" falsecount="1"/>
        <line num="11" count="0" type="stmt"/>
        <line num="12" count="14" type="stmt"/>
        <line num="13" count="14" type="cond" truecount="1" falsecount="1"/>
        <line num="14" count="0" type="stmt"/>
        <line num="15" count="14" type="cond" truecount="2" falsecount="0"/>
        <line num="16" count="2" type="stmt"/>
        <line num="17" count="12" type="stmt"/>
        <line num="18" count="12" type="stmt"/>
        <line num="19" count="12" type="stmt"/>
        <line num="20" count="12" type="stmt"/>
        <line num="21" count="12" type="stmt"/>
        <line num="24" count="24" type="stmt"/>
        <line num="25" count="24" type="stmt"/>
        <line num="26" count="258" type="cond" truecount="2" falsecount="0"/>
        <line num="27" count="221" type="stmt"/>
        <line num="29" count="24" type="stmt"/>
        <line num="30" count="24" type="cond" truecount="2" falsecount="0"/>
        <line num="33" count="14" type="stmt"/>
        <line num="36" count="0" type="stmt"/>
        <line num="39" count="14" type="stmt"/>
        <line num="40" count="46" type="stmt"/>
        <line num="43" count="3" type="stmt"/>
      </file>
      <file name="DefaultFreightCalculator.js" path="/home/brisanet/Documentos/rbranas-course/test-patterns-2/dist/src/domain/entity/DefaultFreightCalculator.js">
        <metrics statements="7" coveredstatements="7" conditionals="6" coveredconditionals="6" methods="1" coveredmethods="1"/>
        <line num="2" count="2" type="stmt"/>
        <line num="5" count="18" type="cond" truecount="6" falsecount="0"/>
        <line num="6" count="12" type="stmt"/>
        <line num="7" count="6" type="stmt"/>
        <line num="8" count="6" type="stmt"/>
        <line num="9" count="6" type="stmt"/>
        <line num="12" count="2" type="stmt"/>
      </file>
      <file name="FixedFreightCalculator.js" path="/home/brisanet/Documentos/rbranas-course/test-patterns-2/dist/src/domain/entity/FixedFreightCalculator.js">
        <metrics statements="3" coveredstatements="3" conditionals="0" coveredconditionals="0" methods="1" coveredmethods="1"/>
        <line num="2" count="1" type="stmt"/>
        <line num="5" count="3" type="stmt"/>
        <line num="8" count="1" type="stmt"/>
      </file>
      <file name="Item.js" path="/home/brisanet/Documentos/rbranas-course/test-patterns-2/dist/src/domain/entity/Item.js">
        <metrics statements="12" coveredstatements="12" conditionals="4" coveredconditionals="4" methods="3" coveredmethods="3"/>
        <line num="2" count="2" type="stmt"/>
        <line num="5" count="27" type="stmt"/>
        <line num="6" count="27" type="stmt"/>
        <line num="7" count="27" type="stmt"/>
        <line num="8" count="27" type="stmt"/>
        <line num="9" count="27" type="stmt"/>
        <line num="10" count="27" type="stmt"/>
        <line num="11" count="27" type="stmt"/>
        <line num="12" count="27" type="stmt"/>
        <line num="15" count="12" type="stmt"/>
        <line num="18" count="6" type="stmt"/>
        <line num="21" count="2" type="stmt"/>
      </file>
      <file name="Order.js" path="/home/brisanet/Documentos/rbranas-course/test-patterns-2/dist/src/domain/entity/Order.js">
        <metrics statements="25" coveredstatements="25" conditionals="13" coveredconditionals="12" methods="6" coveredmethods="6"/>
        <line num="2" count="2" type="cond" truecount="3" falsecount="0"/>
        <line num="3" count="6" type="cond" truecount="3" falsecount="1"/>
        <line num="5" count="2" type="stmt"/>
        <line num="6" count="2" type="stmt"/>
        <line num="7" count="2" type="stmt"/>
        <line num="8" count="2" type="stmt"/>
        <line num="11" count="9" type="stmt"/>
        <line num="12" count="9" type="stmt"/>
        <line num="13" count="9" type="stmt"/>
        <line num="14" count="8" type="stmt"/>
        <line num="15" count="8" type="stmt"/>
        <line num="18" count="21" type="stmt"/>
        <line num="19" count="21" type="stmt"/>
        <line num="22" count="3" type="cond" truecount="2" falsecount="0"/>
        <line num="23" count="1" type="stmt"/>
        <line num="24" count="2" type="stmt"/>
        <line num="27" count="8" type="stmt"/>
        <line num="30" count="6" type="stmt"/>
        <line num="31" count="6" type="stmt"/>
        <line num="32" count="15" type="stmt"/>
        <line num="34" count="6" type="cond" truecount="2" falsecount="0"/>
        <line num="35" count="2" type="stmt"/>
        <line num="37" count="6" type="stmt"/>
        <line num="38" count="6" type="stmt"/>
        <line num="41" count="2" type="stmt"/>
      </file>
      <file name="OrderItem.js" path="/home/brisanet/Documentos/rbranas-course/test-patterns-2/dist/src/domain/entity/OrderItem.js">
        <metrics statements="6" coveredstatements="6" conditionals="0" coveredconditionals="0" methods="2" coveredmethods="2"/>
        <line num="2" count="3" type="stmt"/>
        <line num="5" count="22" type="stmt"/>
        <line num="6" count="22" type="stmt"/>
        <line num="7" count="22" type="stmt"/>
        <line num="10" count="16" type="stmt"/>
        <line num="13" count="3" type="stmt"/>
      </file>
    </package>
    <package name="infra.repository.memory">
      <metrics statements="19" coveredstatements="19" conditionals="14" coveredconditionals="12" methods="10" coveredmethods="10"/>
      <file name="CouponRepositoryMemory.js" path="/home/brisanet/Documentos/rbranas-course/test-patterns-2/dist/src/infra/repository/memory/CouponRepositoryMemory.js">
        <metrics statements="7" coveredstatements="7" conditionals="7" coveredconditionals="6" methods="4" coveredmethods="4"/>
        <line num="2" count="1" type="cond" truecount="3" falsecount="0"/>
        <line num="3" count="1" type="cond" truecount="3" falsecount="1"/>
        <line num="5" count="1" type="stmt"/>
        <line num="6" count="1" type="stmt"/>
        <line num="9" count="2" type="stmt"/>
        <line num="14" count="1" type="stmt"/>
        <line num="17" count="1" type="stmt"/>
      </file>
      <file name="ItemRepositoryMemory.js" path="/home/brisanet/Documentos/rbranas-course/test-patterns-2/dist/src/infra/repository/memory/ItemRepositoryMemory.js">
        <metrics statements="7" coveredstatements="7" conditionals="7" coveredconditionals="6" methods="4" coveredmethods="4"/>
        <line num="2" count="1" type="cond" truecount="3" falsecount="0"/>
        <line num="3" count="1" type="cond" truecount="3" falsecount="1"/>
        <line num="5" count="1" type="stmt"/>
        <line num="6" count="1" type="stmt"/>
        <line num="9" count="2" type="stmt"/>
        <line num="19" count="21" type="stmt"/>
        <line num="22" count="1" type="stmt"/>
      </file>
      <file name="OrderRepositoryMemory.js" path="/home/brisanet/Documentos/rbranas-course/test-patterns-2/dist/src/infra/repository/memory/OrderRepositoryMemory.js">
        <metrics statements="5" coveredstatements="5" conditionals="0" coveredconditionals="0" methods="2" coveredmethods="2"/>
        <line num="2" count="1" type="stmt"/>
        <line num="5" count="2" type="stmt"/>
        <line num="8" count="2" type="stmt"/>
        <line num="9" count="2" type="stmt"/>
        <line num="12" count="1" type="stmt"/>
      </file>
    </package>
  </project>
</coverage>
