{"/home/brisanet/Documentos/rbranas-course/test-patterns-2/dist/src/application/usecase/PlaceOrder.js": {"path":"/home/brisanet/Documentos/rbranas-course/test-patterns-2/dist/src/application/usecase/PlaceOrder.js","statementMap":{"0":{"start":{"line":2,"column":16},"end":{"line":10,"column":1}},"1":{"start":{"line":3,"column":28},"end":{"line":3,"column":110}},"2":{"start":{"line":3,"column":91},"end":{"line":3,"column":106}},"3":{"start":{"line":4,"column":4},"end":{"line":9,"column":7}},"4":{"start":{"line":5,"column":36},"end":{"line":5,"column":97}},"5":{"start":{"line":5,"column":42},"end":{"line":5,"column":70}},"6":{"start":{"line":5,"column":85},"end":{"line":5,"column":95}},"7":{"start":{"line":6,"column":35},"end":{"line":6,"column":100}},"8":{"start":{"line":6,"column":41},"end":{"line":6,"column":73}},"9":{"start":{"line":6,"column":88},"end":{"line":6,"column":98}},"10":{"start":{"line":7,"column":32},"end":{"line":7,"column":116}},"11":{"start":{"line":8,"column":8},"end":{"line":8,"column":78}},"12":{"start":{"line":11,"column":22},"end":{"line":13,"column":1}},"13":{"start":{"line":12,"column":4},"end":{"line":12,"column":62}},"14":{"start":{"line":14,"column":0},"end":{"line":14,"column":62}},"15":{"start":{"line":15,"column":16},"end":{"line":15,"column":69}},"16":{"start":{"line":16,"column":27},"end":{"line":16,"column":73}},"17":{"start":{"line":19,"column":8},"end":{"line":19,"column":45}},"18":{"start":{"line":20,"column":8},"end":{"line":20,"column":47}},"19":{"start":{"line":21,"column":8},"end":{"line":21,"column":49}},"20":{"start":{"line":24,"column":8},"end":{"line":41,"column":11}},"21":{"start":{"line":25,"column":26},"end":{"line":25,"column":68}},"22":{"start":{"line":26,"column":12},"end":{"line":31,"column":13}},"23":{"start":{"line":27,"column":29},"end":{"line":27,"column":81}},"24":{"start":{"line":28,"column":16},"end":{"line":29,"column":54}},"25":{"start":{"line":29,"column":20},"end":{"line":29,"column":54}},"26":{"start":{"line":30,"column":16},"end":{"line":30,"column":56}},"27":{"start":{"line":32,"column":12},"end":{"line":36,"column":13}},"28":{"start":{"line":33,"column":31},"end":{"line":33,"column":83}},"29":{"start":{"line":34,"column":16},"end":{"line":35,"column":44}},"30":{"start":{"line":35,"column":20},"end":{"line":35,"column":44}},"31":{"start":{"line":37,"column":12},"end":{"line":37,"column":51}},"32":{"start":{"line":38,"column":26},"end":{"line":38,"column":42}},"33":{"start":{"line":39,"column":27},"end":{"line":39,"column":64}},"34":{"start":{"line":40,"column":12},"end":{"line":40,"column":26}},"35":{"start":{"line":44,"column":0},"end":{"line":44,"column":29}}},"fnMap":{"0":{"name":"(anonymous_0)","decl":{"start":{"line":2,"column":44},"end":{"line":2,"column":45}},"loc":{"start":{"line":2,"column":89},"end":{"line":10,"column":1}},"line":2},"1":{"name":"adopt","decl":{"start":{"line":3,"column":13},"end":{"line":3,"column":18}},"loc":{"start":{"line":3,"column":26},"end":{"line":3,"column":112}},"line":3},"2":{"name":"(anonymous_2)","decl":{"start":{"line":3,"column":70},"end":{"line":3,"column":71}},"loc":{"start":{"line":3,"column":89},"end":{"line":3,"column":108}},"line":3},"3":{"name":"(anonymous_3)","decl":{"start":{"line":4,"column":36},"end":{"line":4,"column":37}},"loc":{"start":{"line":4,"column":63},"end":{"line":9,"column":5}},"line":4},"4":{"name":"fulfilled","decl":{"start":{"line":5,"column":17},"end":{"line":5,"column":26}},"loc":{"start":{"line":5,"column":34},"end":{"line":5,"column":99}},"line":5},"5":{"name":"rejected","decl":{"start":{"line":6,"column":17},"end":{"line":6,"column":25}},"loc":{"start":{"line":6,"column":33},"end":{"line":6,"column":102}},"line":6},"6":{"name":"step","decl":{"start":{"line":7,"column":17},"end":{"line":7,"column":21}},"loc":{"start":{"line":7,"column":30},"end":{"line":7,"column":118}},"line":7},"7":{"name":"(anonymous_7)","decl":{"start":{"line":11,"column":56},"end":{"line":11,"column":57}},"loc":{"start":{"line":11,"column":71},"end":{"line":13,"column":1}},"line":11},"8":{"name":"(anonymous_8)","decl":{"start":{"line":18,"column":4},"end":{"line":18,"column":5}},"loc":{"start":{"line":18,"column":67},"end":{"line":22,"column":5}},"line":18},"9":{"name":"(anonymous_9)","decl":{"start":{"line":23,"column":4},"end":{"line":23,"column":5}},"loc":{"start":{"line":23,"column":19},"end":{"line":42,"column":5}},"line":23},"10":{"name":"(anonymous_10)","decl":{"start":{"line":24,"column":47},"end":{"line":24,"column":48}},"loc":{"start":{"line":24,"column":60},"end":{"line":41,"column":9}},"line":24}},"branchMap":{"0":{"loc":{"start":{"line":2,"column":16},"end":{"line":10,"column":1}},"type":"binary-expr","locations":[{"start":{"line":2,"column":17},"end":{"line":2,"column":21}},{"start":{"line":2,"column":25},"end":{"line":2,"column":39}},{"start":{"line":2,"column":44},"end":{"line":10,"column":1}}],"line":2},"1":{"loc":{"start":{"line":3,"column":35},"end":{"line":3,"column":109}},"type":"cond-expr","locations":[{"start":{"line":3,"column":56},"end":{"line":3,"column":61}},{"start":{"line":3,"column":64},"end":{"line":3,"column":109}}],"line":3},"2":{"loc":{"start":{"line":4,"column":16},"end":{"line":4,"column":34}},"type":"binary-expr","locations":[{"start":{"line":4,"column":16},"end":{"line":4,"column":17}},{"start":{"line":4,"column":22},"end":{"line":4,"column":33}}],"line":4},"3":{"loc":{"start":{"line":7,"column":32},"end":{"line":7,"column":115}},"type":"cond-expr","locations":[{"start":{"line":7,"column":46},"end":{"line":7,"column":67}},{"start":{"line":7,"column":70},"end":{"line":7,"column":115}}],"line":7},"4":{"loc":{"start":{"line":8,"column":51},"end":{"line":8,"column":67}},"type":"binary-expr","locations":[{"start":{"line":8,"column":51},"end":{"line":8,"column":61}},{"start":{"line":8,"column":65},"end":{"line":8,"column":67}}],"line":8},"5":{"loc":{"start":{"line":11,"column":22},"end":{"line":13,"column":1}},"type":"binary-expr","locations":[{"start":{"line":11,"column":23},"end":{"line":11,"column":27}},{"start":{"line":11,"column":31},"end":{"line":11,"column":51}},{"start":{"line":11,"column":56},"end":{"line":13,"column":1}}],"line":11},"6":{"loc":{"start":{"line":12,"column":11},"end":{"line":12,"column":61}},"type":"cond-expr","locations":[{"start":{"line":12,"column":37},"end":{"line":12,"column":40}},{"start":{"line":12,"column":43},"end":{"line":12,"column":61}}],"line":12},"7":{"loc":{"start":{"line":12,"column":12},"end":{"line":12,"column":33}},"type":"binary-expr","locations":[{"start":{"line":12,"column":12},"end":{"line":12,"column":15}},{"start":{"line":12,"column":19},"end":{"line":12,"column":33}}],"line":12},"8":{"loc":{"start":{"line":28,"column":16},"end":{"line":29,"column":54}},"type":"if","locations":[{"start":{"line":28,"column":16},"end":{"line":29,"column":54}},{"start":{},"end":{}}],"line":28},"9":{"loc":{"start":{"line":32,"column":12},"end":{"line":36,"column":13}},"type":"if","locations":[{"start":{"line":32,"column":12},"end":{"line":36,"column":13}},{"start":{},"end":{}}],"line":32},"10":{"loc":{"start":{"line":34,"column":16},"end":{"line":35,"column":44}},"type":"if","locations":[{"start":{"line":34,"column":16},"end":{"line":35,"column":44}},{"start":{},"end":{}}],"line":34}},"s":{"0":1,"1":9,"2":0,"3":2,"4":9,"5":9,"6":0,"7":0,"8":0,"9":0,"10":11,"11":2,"12":1,"13":2,"14":1,"15":1,"16":1,"17":2,"18":2,"19":2,"20":2,"21":2,"22":2,"23":6,"24":6,"25":0,"26":6,"27":2,"28":1,"29":1,"30":1,"31":2,"32":2,"33":2,"34":2,"35":1},"f":{"0":2,"1":9,"2":0,"3":2,"4":9,"5":0,"6":11,"7":2,"8":2,"9":2,"10":2},"b":{"0":[1,1,1],"1":[9,0],"2":[2,2],"3":[2,9],"4":[2,2],"5":[1,1,1],"6":[2,0],"7":[2,2],"8":[0,6],"9":[1,1],"10":[1,0]},"_coverageSchema":"1a1c01bbd47fc00a2c39e90264f33305004495a9","hash":"f9d2e525579f885dbea4537f2c97ed76f8d00659"}
,"/home/brisanet/Documentos/rbranas-course/test-patterns-2/dist/src/application/usecase/PlaceOrderOutput.js": {"path":"/home/brisanet/Documentos/rbranas-course/test-patterns-2/dist/src/application/usecase/PlaceOrderOutput.js","statementMap":{"0":{"start":{"line":2,"column":0},"end":{"line":2,"column":62}},"1":{"start":{"line":5,"column":8},"end":{"line":5,"column":27}},"2":{"start":{"line":8,"column":0},"end":{"line":8,"column":35}}},"fnMap":{"0":{"name":"(anonymous_0)","decl":{"start":{"line":4,"column":4},"end":{"line":4,"column":5}},"loc":{"start":{"line":4,"column":23},"end":{"line":6,"column":5}},"line":4}},"branchMap":{},"s":{"0":1,"1":2,"2":1},"f":{"0":2},"b":{},"_coverageSchema":"1a1c01bbd47fc00a2c39e90264f33305004495a9","hash":"9303de20a7b97f810c7dc2ee6dae92fe6c84924e"}
,"/home/brisanet/Documentos/rbranas-course/test-patterns-2/dist/src/domain/entity/Coupon.js": {"path":"/home/brisanet/Documentos/rbranas-course/test-patterns-2/dist/src/domain/entity/Coupon.js","statementMap":{"0":{"start":{"line":2,"column":0},"end":{"line":2,"column":62}},"1":{"start":{"line":5,"column":8},"end":{"line":5,"column":25}},"2":{"start":{"line":6,"column":8},"end":{"line":6,"column":37}},"3":{"start":{"line":7,"column":8},"end":{"line":7,"column":37}},"4":{"start":{"line":10,"column":8},"end":{"line":11,"column":24}},"5":{"start":{"line":11,"column":12},"end":{"line":11,"column":24}},"6":{"start":{"line":12,"column":8},"end":{"line":12,"column":60}},"7":{"start":{"line":15,"column":8},"end":{"line":15,"column":36}},"8":{"start":{"line":18,"column":8},"end":{"line":19,"column":21}},"9":{"start":{"line":19,"column":12},"end":{"line":19,"column":21}},"10":{"start":{"line":20,"column":8},"end":{"line":20,"column":48}},"11":{"start":{"line":23,"column":0},"end":{"line":23,"column":25}}},"fnMap":{"0":{"name":"(anonymous_0)","decl":{"start":{"line":4,"column":4},"end":{"line":4,"column":5}},"loc":{"start":{"line":4,"column":46},"end":{"line":8,"column":5}},"line":4},"1":{"name":"(anonymous_1)","decl":{"start":{"line":9,"column":4},"end":{"line":9,"column":5}},"loc":{"start":{"line":9,"column":32},"end":{"line":13,"column":5}},"line":9},"2":{"name":"(anonymous_2)","decl":{"start":{"line":14,"column":4},"end":{"line":14,"column":5}},"loc":{"start":{"line":14,"column":34},"end":{"line":16,"column":5}},"line":14},"3":{"name":"(anonymous_3)","decl":{"start":{"line":17,"column":4},"end":{"line":17,"column":5}},"loc":{"start":{"line":17,"column":50},"end":{"line":21,"column":5}},"line":17}},"branchMap":{"0":{"loc":{"start":{"line":9,"column":12},"end":{"line":9,"column":30}},"type":"default-arg","locations":[{"start":{"line":9,"column":20},"end":{"line":9,"column":30}}],"line":9},"1":{"loc":{"start":{"line":10,"column":8},"end":{"line":11,"column":24}},"type":"if","locations":[{"start":{"line":10,"column":8},"end":{"line":11,"column":24}},{"start":{},"end":{}}],"line":10},"2":{"loc":{"start":{"line":14,"column":14},"end":{"line":14,"column":32}},"type":"default-arg","locations":[{"start":{"line":14,"column":22},"end":{"line":14,"column":32}}],"line":14},"3":{"loc":{"start":{"line":17,"column":30},"end":{"line":17,"column":48}},"type":"default-arg","locations":[{"start":{"line":17,"column":38},"end":{"line":17,"column":48}}],"line":17},"4":{"loc":{"start":{"line":18,"column":8},"end":{"line":19,"column":21}},"type":"if","locations":[{"start":{"line":18,"column":8},"end":{"line":19,"column":21}},{"start":{},"end":{}}],"line":18}},"s":{"0":3,"1":7,"2":7,"3":7,"4":8,"5":5,"6":3,"7":7,"8":3,"9":0,"10":3,"11":3},"f":{"0":7,"1":8,"2":7,"3":3},"b":{"0":[0],"1":[5,3],"2":[0],"3":[1],"4":[0,3]},"_coverageSchema":"1a1c01bbd47fc00a2c39e90264f33305004495a9","hash":"300dc3f2393b5c8146e78978cb31d9acb8b230cb"}
,"/home/brisanet/Documentos/rbranas-course/test-patterns-2/dist/src/domain/entity/Cpf.js": {"path":"/home/brisanet/Documentos/rbranas-course/test-patterns-2/dist/src/domain/entity/Cpf.js","statementMap":{"0":{"start":{"line":2,"column":0},"end":{"line":2,"column":62}},"1":{"start":{"line":5,"column":8},"end":{"line":6,"column":43}},"2":{"start":{"line":6,"column":12},"end":{"line":6,"column":43}},"3":{"start":{"line":7,"column":8},"end":{"line":7,"column":27}},"4":{"start":{"line":10,"column":8},"end":{"line":11,"column":25}},"5":{"start":{"line":11,"column":12},"end":{"line":11,"column":25}},"6":{"start":{"line":12,"column":8},"end":{"line":12,"column":30}},"7":{"start":{"line":13,"column":8},"end":{"line":14,"column":25}},"8":{"start":{"line":14,"column":12},"end":{"line":14,"column":25}},"9":{"start":{"line":15,"column":8},"end":{"line":16,"column":25}},"10":{"start":{"line":16,"column":12},"end":{"line":16,"column":25}},"11":{"start":{"line":17,"column":23},"end":{"line":17,"column":51}},"12":{"start":{"line":18,"column":23},"end":{"line":18,"column":51}},"13":{"start":{"line":19,"column":32},"end":{"line":19,"column":52}},"14":{"start":{"line":20,"column":28},"end":{"line":20,"column":40}},"15":{"start":{"line":21,"column":8},"end":{"line":21,"column":46}},"16":{"start":{"line":24,"column":20},"end":{"line":24,"column":21}},"17":{"start":{"line":25,"column":8},"end":{"line":28,"column":9}},"18":{"start":{"line":26,"column":12},"end":{"line":27,"column":52}},"19":{"start":{"line":27,"column":16},"end":{"line":27,"column":52}},"20":{"start":{"line":29,"column":21},"end":{"line":29,"column":31}},"21":{"start":{"line":30,"column":8},"end":{"line":30,"column":42}},"22":{"start":{"line":33,"column":8},"end":{"line":33,"column":38}},"23":{"start":{"line":36,"column":8},"end":{"line":36,"column":33}},"24":{"start":{"line":39,"column":29},"end":{"line":39,"column":32}},"25":{"start":{"line":40,"column":8},"end":{"line":40,"column":61}},"26":{"start":{"line":40,"column":39},"end":{"line":40,"column":59}},"27":{"start":{"line":43,"column":0},"end":{"line":43,"column":22}}},"fnMap":{"0":{"name":"(anonymous_0)","decl":{"start":{"line":4,"column":4},"end":{"line":4,"column":5}},"loc":{"start":{"line":4,"column":23},"end":{"line":8,"column":5}},"line":4},"1":{"name":"(anonymous_1)","decl":{"start":{"line":9,"column":4},"end":{"line":9,"column":5}},"loc":{"start":{"line":9,"column":18},"end":{"line":22,"column":5}},"line":9},"2":{"name":"(anonymous_2)","decl":{"start":{"line":23,"column":4},"end":{"line":23,"column":5}},"loc":{"start":{"line":23,"column":32},"end":{"line":31,"column":5}},"line":23},"3":{"name":"(anonymous_3)","decl":{"start":{"line":32,"column":4},"end":{"line":32,"column":5}},"loc":{"start":{"line":32,"column":15},"end":{"line":34,"column":5}},"line":32},"4":{"name":"(anonymous_4)","decl":{"start":{"line":35,"column":4},"end":{"line":35,"column":5}},"loc":{"start":{"line":35,"column":26},"end":{"line":37,"column":5}},"line":35},"5":{"name":"(anonymous_5)","decl":{"start":{"line":38,"column":4},"end":{"line":38,"column":5}},"loc":{"start":{"line":38,"column":19},"end":{"line":41,"column":5}},"line":38},"6":{"name":"(anonymous_6)","decl":{"start":{"line":40,"column":30},"end":{"line":40,"column":31}},"loc":{"start":{"line":40,"column":39},"end":{"line":40,"column":59}},"line":40}},"branchMap":{"0":{"loc":{"start":{"line":5,"column":8},"end":{"line":6,"column":43}},"type":"if","locations":[{"start":{"line":5,"column":8},"end":{"line":6,"column":43}},{"start":{},"end":{}}],"line":5},"1":{"loc":{"start":{"line":10,"column":8},"end":{"line":11,"column":25}},"type":"if","locations":[{"start":{"line":10,"column":8},"end":{"line":11,"column":25}},{"start":{},"end":{}}],"line":10},"2":{"loc":{"start":{"line":13,"column":8},"end":{"line":14,"column":25}},"type":"if","locations":[{"start":{"line":13,"column":8},"end":{"line":14,"column":25}},{"start":{},"end":{}}],"line":13},"3":{"loc":{"start":{"line":15,"column":8},"end":{"line":16,"column":25}},"type":"if","locations":[{"start":{"line":15,"column":8},"end":{"line":16,"column":25}},{"start":{},"end":{}}],"line":15},"4":{"loc":{"start":{"line":26,"column":12},"end":{"line":27,"column":52}},"type":"if","locations":[{"start":{"line":26,"column":12},"end":{"line":27,"column":52}},{"start":{},"end":{}}],"line":26},"5":{"loc":{"start":{"line":30,"column":15},"end":{"line":30,"column":41}},"type":"cond-expr","locations":[{"start":{"line":30,"column":28},"end":{"line":30,"column":29}},{"start":{"line":30,"column":32},"end":{"line":30,"column":41}}],"line":30}},"s":{"0":3,"1":14,"2":5,"3":9,"4":14,"5":0,"6":14,"7":14,"8":0,"9":14,"10":2,"11":12,"12":12,"13":12,"14":12,"15":12,"16":24,"17":24,"18":258,"19":221,"20":24,"21":24,"22":14,"23":0,"24":14,"25":14,"26":46,"27":3},"f":{"0":14,"1":14,"2":24,"3":14,"4":0,"5":14,"6":46},"b":{"0":[5,9],"1":[0,14],"2":[0,14],"3":[2,12],"4":[221,37],"5":[11,13]},"_coverageSchema":"1a1c01bbd47fc00a2c39e90264f33305004495a9","hash":"88ddd66bf0e7ef505e952ecca0d08ea9e03af03d"}
,"/home/brisanet/Documentos/rbranas-course/test-patterns-2/dist/src/domain/entity/DefaultFreightCalculator.js": {"path":"/home/brisanet/Documentos/rbranas-course/test-patterns-2/dist/src/domain/entity/DefaultFreightCalculator.js","statementMap":{"0":{"start":{"line":2,"column":0},"end":{"line":2,"column":62}},"1":{"start":{"line":5,"column":8},"end":{"line":6,"column":21}},"2":{"start":{"line":6,"column":12},"end":{"line":6,"column":21}},"3":{"start":{"line":7,"column":24},"end":{"line":7,"column":75}},"4":{"start":{"line":8,"column":27},"end":{"line":8,"column":29}},"5":{"start":{"line":9,"column":8},"end":{"line":9,"column":45}},"6":{"start":{"line":12,"column":0},"end":{"line":12,"column":43}}},"fnMap":{"0":{"name":"(anonymous_0)","decl":{"start":{"line":4,"column":4},"end":{"line":4,"column":5}},"loc":{"start":{"line":4,"column":20},"end":{"line":10,"column":5}},"line":4}},"branchMap":{"0":{"loc":{"start":{"line":5,"column":8},"end":{"line":6,"column":21}},"type":"if","locations":[{"start":{"line":5,"column":8},"end":{"line":6,"column":21}},{"start":{},"end":{}}],"line":5},"1":{"loc":{"start":{"line":5,"column":12},"end":{"line":5,"column":71}},"type":"binary-expr","locations":[{"start":{"line":5,"column":12},"end":{"line":5,"column":23}},{"start":{"line":5,"column":27},"end":{"line":5,"column":39}},{"start":{"line":5,"column":43},"end":{"line":5,"column":55}},{"start":{"line":5,"column":59},"end":{"line":5,"column":71}}],"line":5}},"s":{"0":2,"1":18,"2":12,"3":6,"4":6,"5":6,"6":2},"f":{"0":18},"b":{"0":[12,6],"1":[18,6,6,6]},"_coverageSchema":"1a1c01bbd47fc00a2c39e90264f33305004495a9","hash":"7b3070d0f4cfff67205ad2a536827988d19e754d"}
,"/home/brisanet/Documentos/rbranas-course/test-patterns-2/dist/src/domain/entity/FixedFreightCalculator.js": {"path":"/home/brisanet/Documentos/rbranas-course/test-patterns-2/dist/src/domain/entity/FixedFreightCalculator.js","statementMap":{"0":{"start":{"line":2,"column":0},"end":{"line":2,"column":62}},"1":{"start":{"line":5,"column":8},"end":{"line":5,"column":18}},"2":{"start":{"line":8,"column":0},"end":{"line":8,"column":41}}},"fnMap":{"0":{"name":"(anonymous_0)","decl":{"start":{"line":4,"column":4},"end":{"line":4,"column":5}},"loc":{"start":{"line":4,"column":20},"end":{"line":6,"column":5}},"line":4}},"branchMap":{},"s":{"0":1,"1":3,"2":1},"f":{"0":3},"b":{},"_coverageSchema":"1a1c01bbd47fc00a2c39e90264f33305004495a9","hash":"3a22dce1d1692a56faa421d7aee84ca139743957"}
,"/home/brisanet/Documentos/rbranas-course/test-patterns-2/dist/src/domain/entity/Item.js": {"path":"/home/brisanet/Documentos/rbranas-course/test-patterns-2/dist/src/domain/entity/Item.js","statementMap":{"0":{"start":{"line":2,"column":0},"end":{"line":2,"column":62}},"1":{"start":{"line":5,"column":8},"end":{"line":5,"column":29}},"2":{"start":{"line":6,"column":8},"end":{"line":6,"column":33}},"3":{"start":{"line":7,"column":8},"end":{"line":7,"column":39}},"4":{"start":{"line":8,"column":8},"end":{"line":8,"column":27}},"5":{"start":{"line":9,"column":8},"end":{"line":9,"column":27}},"6":{"start":{"line":10,"column":8},"end":{"line":10,"column":29}},"7":{"start":{"line":11,"column":8},"end":{"line":11,"column":29}},"8":{"start":{"line":12,"column":8},"end":{"line":12,"column":29}},"9":{"start":{"line":15,"column":8},"end":{"line":15,"column":72}},"10":{"start":{"line":18,"column":8},"end":{"line":18,"column":46}},"11":{"start":{"line":21,"column":0},"end":{"line":21,"column":23}}},"fnMap":{"0":{"name":"(anonymous_0)","decl":{"start":{"line":4,"column":4},"end":{"line":4,"column":5}},"loc":{"start":{"line":4,"column":101},"end":{"line":13,"column":5}},"line":4},"1":{"name":"(anonymous_1)","decl":{"start":{"line":14,"column":4},"end":{"line":14,"column":5}},"loc":{"start":{"line":14,"column":16},"end":{"line":16,"column":5}},"line":14},"2":{"name":"(anonymous_2)","decl":{"start":{"line":17,"column":4},"end":{"line":17,"column":5}},"loc":{"start":{"line":17,"column":17},"end":{"line":19,"column":5}},"line":17}},"branchMap":{"0":{"loc":{"start":{"line":4,"column":54},"end":{"line":4,"column":63}},"type":"default-arg","locations":[{"start":{"line":4,"column":62},"end":{"line":4,"column":63}}],"line":4},"1":{"loc":{"start":{"line":4,"column":65},"end":{"line":4,"column":75}},"type":"default-arg","locations":[{"start":{"line":4,"column":74},"end":{"line":4,"column":75}}],"line":4},"2":{"loc":{"start":{"line":4,"column":77},"end":{"line":4,"column":87}},"type":"default-arg","locations":[{"start":{"line":4,"column":86},"end":{"line":4,"column":87}}],"line":4},"3":{"loc":{"start":{"line":4,"column":89},"end":{"line":4,"column":99}},"type":"default-arg","locations":[{"start":{"line":4,"column":98},"end":{"line":4,"column":99}}],"line":4}},"s":{"0":2,"1":27,"2":27,"3":27,"4":27,"5":27,"6":27,"7":27,"8":27,"9":12,"10":6,"11":2},"f":{"0":27,"1":12,"2":6},"b":{"0":[15],"1":[15],"2":[15],"3":[15]},"_coverageSchema":"1a1c01bbd47fc00a2c39e90264f33305004495a9","hash":"32279aa74c8f02ede7ffb950842383aa9c9c5bc7"}
,"/home/brisanet/Documentos/rbranas-course/test-patterns-2/dist/src/domain/entity/Order.js": {"path":"/home/brisanet/Documentos/rbranas-course/test-patterns-2/dist/src/domain/entity/Order.js","statementMap":{"0":{"start":{"line":2,"column":22},"end":{"line":4,"column":1}},"1":{"start":{"line":3,"column":4},"end":{"line":3,"column":62}},"2":{"start":{"line":5,"column":0},"end":{"line":5,"column":62}},"3":{"start":{"line":6,"column":14},"end":{"line":6,"column":47}},"4":{"start":{"line":7,"column":35},"end":{"line":7,"column":89}},"5":{"start":{"line":8,"column":20},"end":{"line":8,"column":59}},"6":{"start":{"line":11,"column":8},"end":{"line":11,"column":25}},"7":{"start":{"line":12,"column":8},"end":{"line":12,"column":51}},"8":{"start":{"line":13,"column":8},"end":{"line":13,"column":42}},"9":{"start":{"line":14,"column":8},"end":{"line":14,"column":29}},"10":{"start":{"line":15,"column":8},"end":{"line":15,"column":25}},"11":{"start":{"line":18,"column":8},"end":{"line":18,"column":74}},"12":{"start":{"line":19,"column":8},"end":{"line":19,"column":89}},"13":{"start":{"line":22,"column":8},"end":{"line":23,"column":19}},"14":{"start":{"line":23,"column":12},"end":{"line":23,"column":19}},"15":{"start":{"line":24,"column":8},"end":{"line":24,"column":29}},"16":{"start":{"line":27,"column":8},"end":{"line":27,"column":28}},"17":{"start":{"line":30,"column":20},"end":{"line":30,"column":21}},"18":{"start":{"line":31,"column":8},"end":{"line":33,"column":9}},"19":{"start":{"line":32,"column":12},"end":{"line":32,"column":42}},"20":{"start":{"line":34,"column":8},"end":{"line":36,"column":9}},"21":{"start":{"line":35,"column":12},"end":{"line":35,"column":69}},"22":{"start":{"line":37,"column":8},"end":{"line":37,"column":35}},"23":{"start":{"line":38,"column":8},"end":{"line":38,"column":21}},"24":{"start":{"line":41,"column":0},"end":{"line":41,"column":24}}},"fnMap":{"0":{"name":"(anonymous_0)","decl":{"start":{"line":2,"column":56},"end":{"line":2,"column":57}},"loc":{"start":{"line":2,"column":71},"end":{"line":4,"column":1}},"line":2},"1":{"name":"(anonymous_1)","decl":{"start":{"line":10,"column":4},"end":{"line":10,"column":5}},"loc":{"start":{"line":10,"column":102},"end":{"line":16,"column":5}},"line":10},"2":{"name":"(anonymous_2)","decl":{"start":{"line":17,"column":4},"end":{"line":17,"column":5}},"loc":{"start":{"line":17,"column":28},"end":{"line":20,"column":5}},"line":17},"3":{"name":"(anonymous_3)","decl":{"start":{"line":21,"column":4},"end":{"line":21,"column":5}},"loc":{"start":{"line":21,"column":22},"end":{"line":25,"column":5}},"line":21},"4":{"name":"(anonymous_4)","decl":{"start":{"line":26,"column":4},"end":{"line":26,"column":5}},"loc":{"start":{"line":26,"column":17},"end":{"line":28,"column":5}},"line":26},"5":{"name":"(anonymous_5)","decl":{"start":{"line":29,"column":4},"end":{"line":29,"column":5}},"loc":{"start":{"line":29,"column":15},"end":{"line":39,"column":5}},"line":29}},"branchMap":{"0":{"loc":{"start":{"line":2,"column":22},"end":{"line":4,"column":1}},"type":"binary-expr","locations":[{"start":{"line":2,"column":23},"end":{"line":2,"column":27}},{"start":{"line":2,"column":31},"end":{"line":2,"column":51}},{"start":{"line":2,"column":56},"end":{"line":4,"column":1}}],"line":2},"1":{"loc":{"start":{"line":3,"column":11},"end":{"line":3,"column":61}},"type":"cond-expr","locations":[{"start":{"line":3,"column":37},"end":{"line":3,"column":40}},{"start":{"line":3,"column":43},"end":{"line":3,"column":61}}],"line":3},"2":{"loc":{"start":{"line":3,"column":12},"end":{"line":3,"column":33}},"type":"binary-expr","locations":[{"start":{"line":3,"column":12},"end":{"line":3,"column":15}},{"start":{"line":3,"column":19},"end":{"line":3,"column":33}}],"line":3},"3":{"loc":{"start":{"line":10,"column":21},"end":{"line":10,"column":38}},"type":"default-arg","locations":[{"start":{"line":10,"column":28},"end":{"line":10,"column":38}}],"line":10},"4":{"loc":{"start":{"line":10,"column":40},"end":{"line":10,"column":100}},"type":"default-arg","locations":[{"start":{"line":10,"column":60},"end":{"line":10,"column":100}}],"line":10},"5":{"loc":{"start":{"line":22,"column":8},"end":{"line":23,"column":19}},"type":"if","locations":[{"start":{"line":22,"column":8},"end":{"line":23,"column":19}},{"start":{},"end":{}}],"line":22},"6":{"loc":{"start":{"line":34,"column":8},"end":{"line":36,"column":9}},"type":"if","locations":[{"start":{"line":34,"column":8},"end":{"line":36,"column":9}},{"start":{},"end":{}}],"line":34}},"s":{"0":2,"1":6,"2":2,"3":2,"4":2,"5":2,"6":9,"7":9,"8":9,"9":8,"10":8,"11":21,"12":21,"13":3,"14":1,"15":2,"16":8,"17":6,"18":6,"19":15,"20":6,"21":2,"22":6,"23":6,"24":2},"f":{"0":6,"1":9,"2":21,"3":3,"4":8,"5":6},"b":{"0":[2,2,2],"1":[6,0],"2":[6,6],"3":[4],"4":[7],"5":[1,2],"6":[2,4]},"_coverageSchema":"1a1c01bbd47fc00a2c39e90264f33305004495a9","hash":"f9df65471f448b6ada731a0c060b7e1052802d7d"}
,"/home/brisanet/Documentos/rbranas-course/test-patterns-2/dist/src/domain/entity/OrderItem.js": {"path":"/home/brisanet/Documentos/rbranas-course/test-patterns-2/dist/src/domain/entity/OrderItem.js","statementMap":{"0":{"start":{"line":2,"column":0},"end":{"line":2,"column":62}},"1":{"start":{"line":5,"column":8},"end":{"line":5,"column":29}},"2":{"start":{"line":6,"column":8},"end":{"line":6,"column":27}},"3":{"start":{"line":7,"column":8},"end":{"line":7,"column":33}},"4":{"start":{"line":10,"column":8},"end":{"line":10,"column":42}},"5":{"start":{"line":13,"column":0},"end":{"line":13,"column":28}}},"fnMap":{"0":{"name":"(anonymous_0)","decl":{"start":{"line":4,"column":4},"end":{"line":4,"column":5}},"loc":{"start":{"line":4,"column":41},"end":{"line":8,"column":5}},"line":4},"1":{"name":"(anonymous_1)","decl":{"start":{"line":9,"column":4},"end":{"line":9,"column":5}},"loc":{"start":{"line":9,"column":15},"end":{"line":11,"column":5}},"line":9}},"branchMap":{},"s":{"0":3,"1":22,"2":22,"3":22,"4":16,"5":3},"f":{"0":22,"1":16},"b":{},"_coverageSchema":"1a1c01bbd47fc00a2c39e90264f33305004495a9","hash":"ef5f79a43a1e3532a59df8f30dcb828ecdd41165"}
,"/home/brisanet/Documentos/rbranas-course/test-patterns-2/dist/src/infra/repository/memory/CouponRepositoryMemory.js": {"path":"/home/brisanet/Documentos/rbranas-course/test-patterns-2/dist/src/infra/repository/memory/CouponRepositoryMemory.js","statementMap":{"0":{"start":{"line":2,"column":22},"end":{"line":4,"column":1}},"1":{"start":{"line":3,"column":4},"end":{"line":3,"column":62}},"2":{"start":{"line":5,"column":0},"end":{"line":5,"column":62}},"3":{"start":{"line":6,"column":17},"end":{"line":6,"column":74}},"4":{"start":{"line":9,"column":8},"end":{"line":11,"column":10}},"5":{"start":{"line":14,"column":8},"end":{"line":14,"column":82}},"6":{"start":{"line":14,"column":59},"end":{"line":14,"column":79}},"7":{"start":{"line":17,"column":0},"end":{"line":17,"column":41}}},"fnMap":{"0":{"name":"(anonymous_0)","decl":{"start":{"line":2,"column":56},"end":{"line":2,"column":57}},"loc":{"start":{"line":2,"column":71},"end":{"line":4,"column":1}},"line":2},"1":{"name":"(anonymous_1)","decl":{"start":{"line":8,"column":4},"end":{"line":8,"column":5}},"loc":{"start":{"line":8,"column":18},"end":{"line":12,"column":5}},"line":8},"2":{"name":"(anonymous_2)","decl":{"start":{"line":13,"column":4},"end":{"line":13,"column":5}},"loc":{"start":{"line":13,"column":21},"end":{"line":15,"column":5}},"line":13},"3":{"name":"(anonymous_3)","decl":{"start":{"line":14,"column":49},"end":{"line":14,"column":50}},"loc":{"start":{"line":14,"column":59},"end":{"line":14,"column":79}},"line":14}},"branchMap":{"0":{"loc":{"start":{"line":2,"column":22},"end":{"line":4,"column":1}},"type":"binary-expr","locations":[{"start":{"line":2,"column":23},"end":{"line":2,"column":27}},{"start":{"line":2,"column":31},"end":{"line":2,"column":51}},{"start":{"line":2,"column":56},"end":{"line":4,"column":1}}],"line":2},"1":{"loc":{"start":{"line":3,"column":11},"end":{"line":3,"column":61}},"type":"cond-expr","locations":[{"start":{"line":3,"column":37},"end":{"line":3,"column":40}},{"start":{"line":3,"column":43},"end":{"line":3,"column":61}}],"line":3},"2":{"loc":{"start":{"line":3,"column":12},"end":{"line":3,"column":33}},"type":"binary-expr","locations":[{"start":{"line":3,"column":12},"end":{"line":3,"column":15}},{"start":{"line":3,"column":19},"end":{"line":3,"column":33}}],"line":3}},"s":{"0":1,"1":1,"2":1,"3":1,"4":2,"5":1,"6":1,"7":1},"f":{"0":1,"1":2,"2":1,"3":1},"b":{"0":[1,1,1],"1":[1,0],"2":[1,1]},"_coverageSchema":"1a1c01bbd47fc00a2c39e90264f33305004495a9","hash":"49cdc1c88eafce60b7665a979bd9524152157b80"}
,"/home/brisanet/Documentos/rbranas-course/test-patterns-2/dist/src/infra/repository/memory/ItemRepositoryMemory.js": {"path":"/home/brisanet/Documentos/rbranas-course/test-patterns-2/dist/src/infra/repository/memory/ItemRepositoryMemory.js","statementMap":{"0":{"start":{"line":2,"column":22},"end":{"line":4,"column":1}},"1":{"start":{"line":3,"column":4},"end":{"line":3,"column":62}},"2":{"start":{"line":5,"column":0},"end":{"line":5,"column":62}},"3":{"start":{"line":6,"column":15},"end":{"line":6,"column":70}},"4":{"start":{"line":9,"column":8},"end":{"line":16,"column":10}},"5":{"start":{"line":19,"column":8},"end":{"line":19,"column":80}},"6":{"start":{"line":19,"column":55},"end":{"line":19,"column":77}},"7":{"start":{"line":22,"column":0},"end":{"line":22,"column":39}}},"fnMap":{"0":{"name":"(anonymous_0)","decl":{"start":{"line":2,"column":56},"end":{"line":2,"column":57}},"loc":{"start":{"line":2,"column":71},"end":{"line":4,"column":1}},"line":2},"1":{"name":"(anonymous_1)","decl":{"start":{"line":8,"column":4},"end":{"line":8,"column":5}},"loc":{"start":{"line":8,"column":18},"end":{"line":17,"column":5}},"line":8},"2":{"name":"(anonymous_2)","decl":{"start":{"line":18,"column":4},"end":{"line":18,"column":5}},"loc":{"start":{"line":18,"column":21},"end":{"line":20,"column":5}},"line":18},"3":{"name":"(anonymous_3)","decl":{"start":{"line":19,"column":47},"end":{"line":19,"column":48}},"loc":{"start":{"line":19,"column":55},"end":{"line":19,"column":77}},"line":19}},"branchMap":{"0":{"loc":{"start":{"line":2,"column":22},"end":{"line":4,"column":1}},"type":"binary-expr","locations":[{"start":{"line":2,"column":23},"end":{"line":2,"column":27}},{"start":{"line":2,"column":31},"end":{"line":2,"column":51}},{"start":{"line":2,"column":56},"end":{"line":4,"column":1}}],"line":2},"1":{"loc":{"start":{"line":3,"column":11},"end":{"line":3,"column":61}},"type":"cond-expr","locations":[{"start":{"line":3,"column":37},"end":{"line":3,"column":40}},{"start":{"line":3,"column":43},"end":{"line":3,"column":61}}],"line":3},"2":{"loc":{"start":{"line":3,"column":12},"end":{"line":3,"column":33}},"type":"binary-expr","locations":[{"start":{"line":3,"column":12},"end":{"line":3,"column":15}},{"start":{"line":3,"column":19},"end":{"line":3,"column":33}}],"line":3}},"s":{"0":1,"1":1,"2":1,"3":1,"4":2,"5":6,"6":21,"7":1},"f":{"0":1,"1":2,"2":6,"3":21},"b":{"0":[1,1,1],"1":[1,0],"2":[1,1]},"_coverageSchema":"1a1c01bbd47fc00a2c39e90264f33305004495a9","hash":"0f1e3c61cf02c49aaf70faf28535c1753d3a552a"}
,"/home/brisanet/Documentos/rbranas-course/test-patterns-2/dist/src/infra/repository/memory/OrderRepositoryMemory.js": {"path":"/home/brisanet/Documentos/rbranas-course/test-patterns-2/dist/src/infra/repository/memory/OrderRepositoryMemory.js","statementMap":{"0":{"start":{"line":2,"column":0},"end":{"line":2,"column":62}},"1":{"start":{"line":5,"column":8},"end":{"line":5,"column":25}},"2":{"start":{"line":8,"column":8},"end":{"line":8,"column":32}},"3":{"start":{"line":9,"column":8},"end":{"line":9,"column":33}},"4":{"start":{"line":12,"column":0},"end":{"line":12,"column":40}}},"fnMap":{"0":{"name":"(anonymous_0)","decl":{"start":{"line":4,"column":4},"end":{"line":4,"column":5}},"loc":{"start":{"line":4,"column":18},"end":{"line":6,"column":5}},"line":4},"1":{"name":"(anonymous_1)","decl":{"start":{"line":7,"column":4},"end":{"line":7,"column":5}},"loc":{"start":{"line":7,"column":16},"end":{"line":10,"column":5}},"line":7}},"branchMap":{},"s":{"0":1,"1":2,"2":2,"3":2,"4":1},"f":{"0":2,"1":2},"b":{},"_coverageSchema":"1a1c01bbd47fc00a2c39e90264f33305004495a9","hash":"d1c0cd5600b3334a4e869151103b9a9981839898"}
}
