TN:
SF:dist/src/Coupon.js
FN:4,(anonymous_0)
FNF:1
FNH:1
FNDA:1,(anonymous_0)
DA:2,1
DA:5,1
DA:6,1
DA:9,1
LF:4
LH:4
BRF:0
BRH:0
end_of_record
TN:
SF:dist/src/Cpf.js
FN:4,(anonymous_0)
FN:9,(anonymous_1)
FN:23,(anonymous_2)
FN:32,(anonymous_3)
FN:35,(anonymous_4)
FN:38,(anonymous_5)
FN:40,(anonymous_6)
FNF:7
FNH:6
FNDA:9,(anonymous_0)
FNDA:9,(anonymous_1)
FNDA:14,(anonymous_2)
FNDA:9,(anonymous_3)
FNDA:0,(anonymous_4)
FNDA:9,(anonymous_5)
FNDA:36,(anonymous_6)
DA:2,2
DA:5,9
DA:6,5
DA:7,4
DA:10,9
DA:11,0
DA:12,9
DA:13,9
DA:14,0
DA:15,9
DA:16,2
DA:17,7
DA:18,7
DA:19,7
DA:20,7
DA:21,7
DA:24,14
DA:25,14
DA:26,148
DA:27,126
DA:29,14
DA:30,14
DA:33,9
DA:36,0
DA:39,9
DA:40,36
DA:43,2
LF:27
LH:24
BRDA:5,0,0,5
BRDA:5,0,1,4
BRDA:10,1,0,0
BRDA:10,1,1,9
BRDA:13,2,0,0
BRDA:13,2,1,9
BRDA:15,3,0,2
BRDA:15,3,1,7
BRDA:26,4,0,126
BRDA:26,4,1,22
BRDA:30,5,0,6
BRDA:30,5,1,8
BRF:12
BRH:10
end_of_record
TN:
SF:dist/src/Item.js
FN:4,(anonymous_0)
FNF:1
FNH:1
FNDA:6,(anonymous_0)
DA:2,1
DA:5,6
DA:6,6
DA:7,6
DA:8,6
DA:11,1
LF:6
LH:6
BRF:0
BRH:0
end_of_record
TN:
SF:dist/src/Order.js
FN:2,(anonymous_0)
FN:9,(anonymous_1)
FN:13,(anonymous_2)
FN:16,(anonymous_3)
FN:19,(anonymous_4)
FNF:5
FNH:5
FNDA:2,(anonymous_0)
FNDA:4,(anonymous_1)
FNDA:6,(anonymous_2)
FNDA:1,(anonymous_3)
FNDA:3,(anonymous_4)
DA:2,1
DA:3,2
DA:5,1
DA:6,1
DA:7,1
DA:10,4
DA:11,3
DA:14,6
DA:17,1
DA:20,3
DA:21,3
DA:22,6
DA:24,3
DA:25,1
DA:27,3
DA:30,1
LF:16
LH:16
BRDA:2,0,0,1
BRDA:2,0,1,1
BRDA:2,0,2,1
BRDA:3,1,0,2
BRDA:3,1,1,0
BRDA:3,2,0,2
BRDA:3,2,1,2
BRDA:24,3,0,1
BRDA:24,3,1,2
BRF:9
BRH:8
end_of_record
TN:
SF:dist/src/OrderItem.js
FN:4,(anonymous_0)
FN:9,(anonymous_1)
FNF:2
FNH:2
FNDA:7,(anonymous_0)
FNDA:7,(anonymous_1)
DA:2,2
DA:5,7
DA:6,7
DA:7,7
DA:10,7
DA:13,2
LF:6
LH:6
BRF:0
BRH:0
end_of_record
