TN:
SF:dist/src/application/usecase/PlaceOrder.js
FN:2,(anonymous_0)
FN:3,adopt
FN:3,(anonymous_2)
FN:4,(anonymous_3)
FN:5,fulfilled
FN:6,rejected
FN:7,step
FN:11,(anonymous_7)
FN:19,(anonymous_8)
FN:24,(anonymous_9)
FN:25,(anonymous_10)
FNF:11
FNH:9
FNDA:3,(anonymous_0)
FNDA:16,adopt
FNDA:0,(anonymous_2)
FNDA:3,(anonymous_3)
FNDA:16,fulfilled
FNDA:0,rejected
FNDA:19,step
FNDA:3,(anonymous_7)
FNDA:3,(anonymous_8)
FNDA:3,(anonymous_9)
FNDA:3,(anonymous_10)
DA:2,1
DA:3,16
DA:4,3
DA:5,16
DA:6,0
DA:7,19
DA:8,3
DA:11,1
DA:12,3
DA:14,1
DA:15,1
DA:16,1
DA:17,1
DA:20,3
DA:21,3
DA:22,3
DA:25,3
DA:26,3
DA:27,3
DA:28,3
DA:29,9
DA:30,9
DA:31,0
DA:32,9
DA:34,3
DA:35,1
DA:36,1
DA:37,1
DA:39,3
DA:40,3
DA:41,3
DA:42,3
DA:46,1
LF:33
LH:31
BRDA:2,0,0,1
BRDA:2,0,1,1
BRDA:2,0,2,1
BRDA:3,1,0,16
BRDA:3,1,1,0
BRDA:4,2,0,3
BRDA:4,2,1,3
BRDA:7,3,0,3
BRDA:7,3,1,16
BRDA:8,4,0,3
BRDA:8,4,1,3
BRDA:11,5,0,1
BRDA:11,5,1,1
BRDA:11,5,2,1
BRDA:12,6,0,3
BRDA:12,6,1,0
BRDA:12,7,0,3
BRDA:12,7,1,3
BRDA:30,8,0,0
BRDA:30,8,1,9
BRDA:34,9,0,1
BRDA:34,9,1,2
BRDA:36,10,0,1
BRDA:36,10,1,0
BRF:24
BRH:20
end_of_record
TN:
SF:dist/src/application/usecase/PlaceOrderOutput.js
FN:4,(anonymous_0)
FNF:1
FNH:1
FNDA:3,(anonymous_0)
DA:2,1
DA:5,3
DA:6,3
DA:9,1
LF:4
LH:4
BRF:0
BRH:0
end_of_record
TN:
SF:dist/src/domain/entity/Coupon.js
FN:4,(anonymous_0)
FN:9,(anonymous_1)
FN:14,(anonymous_2)
FN:17,(anonymous_3)
FNF:4
FNH:4
FNDA:8,(anonymous_0)
FNDA:8,(anonymous_1)
FNDA:7,(anonymous_2)
FNDA:3,(anonymous_3)
DA:2,3
DA:5,8
DA:6,8
DA:7,8
DA:10,8
DA:11,5
DA:12,3
DA:15,7
DA:18,3
DA:19,0
DA:20,3
DA:23,3
LF:12
LH:11
BRDA:9,0,0,0
BRDA:10,1,0,5
BRDA:10,1,1,3
BRDA:14,2,0,0
BRDA:17,3,0,1
BRDA:18,4,0,0
BRDA:18,4,1,3
BRF:7
BRH:4
end_of_record
TN:
SF:dist/src/domain/entity/Cpf.js
FN:4,(anonymous_0)
FN:9,(anonymous_1)
FN:23,(anonymous_2)
FN:32,(anonymous_3)
FN:35,(anonymous_4)
FN:38,(anonymous_5)
FN:40,(anonymous_6)
FNF:7
FNH:6
FNDA:16,(anonymous_0)
FNDA:16,(anonymous_1)
FNDA:28,(anonymous_2)
FNDA:16,(anonymous_3)
FNDA:0,(anonymous_4)
FNDA:16,(anonymous_5)
FNDA:50,(anonymous_6)
DA:2,3
DA:5,16
DA:6,5
DA:7,11
DA:10,16
DA:11,0
DA:12,16
DA:13,16
DA:14,0
DA:15,16
DA:16,2
DA:17,14
DA:18,14
DA:19,14
DA:20,14
DA:21,14
DA:24,28
DA:25,28
DA:26,302
DA:27,259
DA:29,28
DA:30,28
DA:33,16
DA:36,0
DA:39,16
DA:40,50
DA:43,3
LF:27
LH:24
BRDA:5,0,0,5
BRDA:5,0,1,11
BRDA:10,1,0,0
BRDA:10,1,1,16
BRDA:13,2,0,0
BRDA:13,2,1,16
BRDA:15,3,0,2
BRDA:15,3,1,14
BRDA:26,4,0,259
BRDA:26,4,1,43
BRDA:30,5,0,13
BRDA:30,5,1,15
BRF:12
BRH:10
end_of_record
TN:
SF:dist/src/domain/entity/DefaultFreightCalculator.js
FN:4,(anonymous_0)
FNF:1
FNH:1
FNDA:21,(anonymous_0)
DA:2,2
DA:5,21
DA:6,12
DA:7,9
DA:8,9
DA:9,9
DA:12,2
LF:7
LH:7
BRDA:5,0,0,12
BRDA:5,0,1,9
BRDA:5,1,0,21
BRDA:5,1,1,9
BRDA:5,1,2,9
BRDA:5,1,3,9
BRF:6
BRH:6
end_of_record
TN:
SF:dist/src/domain/entity/FixedFreightCalculator.js
FN:4,(anonymous_0)
FNF:1
FNH:1
FNDA:6,(anonymous_0)
DA:2,1
DA:5,6
DA:8,1
LF:3
LH:3
BRF:0
BRH:0
end_of_record
TN:
SF:dist/src/domain/entity/Item.js
FN:4,(anonymous_0)
FN:14,(anonymous_1)
FN:17,(anonymous_2)
FNF:3
FNH:3
FNDA:33,(anonymous_0)
FNDA:18,(anonymous_1)
FNDA:9,(anonymous_2)
DA:2,2
DA:5,33
DA:6,33
DA:7,33
DA:8,33
DA:9,33
DA:10,33
DA:11,33
DA:12,33
DA:15,18
DA:18,9
DA:21,2
LF:12
LH:12
BRDA:4,0,0,15
BRDA:4,1,0,15
BRDA:4,2,0,15
BRDA:4,3,0,15
BRF:4
BRH:4
end_of_record
TN:
SF:dist/src/domain/entity/Order.js
FN:2,(anonymous_0)
FN:11,(anonymous_1)
FN:20,(anonymous_2)
FN:24,(anonymous_3)
FN:29,(anonymous_4)
FN:32,(anonymous_5)
FN:35,(anonymous_6)
FNF:7
FNH:7
FNDA:8,(anonymous_0)
FNDA:11,(anonymous_1)
FNDA:27,(anonymous_2)
FNDA:3,(anonymous_3)
FNDA:9,(anonymous_4)
FNDA:4,(anonymous_5)
FNDA:7,(anonymous_6)
DA:2,2
DA:3,8
DA:5,2
DA:6,2
DA:7,2
DA:8,2
DA:9,2
DA:12,11
DA:13,11
DA:14,11
DA:15,11
DA:16,10
DA:17,10
DA:18,10
DA:21,27
DA:22,27
DA:25,3
DA:26,1
DA:27,2
DA:30,9
DA:33,4
DA:36,7
DA:37,7
DA:38,18
DA:40,7
DA:41,2
DA:43,7
DA:44,7
DA:47,2
LF:29
LH:29
BRDA:2,0,0,2
BRDA:2,0,1,2
BRDA:2,0,2,2
BRDA:3,1,0,8
BRDA:3,1,1,0
BRDA:3,2,0,8
BRDA:3,2,1,8
BRDA:11,3,0,4
BRDA:11,4,0,5
BRDA:11,5,0,8
BRDA:25,6,0,1
BRDA:25,6,1,2
BRDA:40,7,0,2
BRDA:40,7,1,5
BRF:14
BRH:13
end_of_record
TN:
SF:dist/src/domain/entity/OrderCode.js
FN:4,(anonymous_0)
FN:7,(anonymous_1)
FNF:2
FNH:2
FNDA:11,(anonymous_0)
FNDA:11,(anonymous_1)
DA:2,3
DA:5,11
DA:8,11
DA:9,11
DA:12,3
LF:5
LH:5
BRF:0
BRH:0
end_of_record
TN:
SF:dist/src/domain/entity/OrderItem.js
FN:4,(anonymous_0)
FN:9,(anonymous_1)
FNF:2
FNH:2
FNDA:28,(anonymous_0)
FNDA:19,(anonymous_1)
DA:2,3
DA:5,28
DA:6,28
DA:7,28
DA:10,19
DA:13,3
LF:6
LH:6
BRF:0
BRH:0
end_of_record
TN:
SF:dist/src/infra/database/PgPromisseConnectionAdapter.js
FN:2,(anonymous_0)
FN:8,(anonymous_1)
FN:11,(anonymous_2)
FNF:3
FNH:3
FNDA:2,(anonymous_0)
FNDA:2,(anonymous_1)
FNDA:4,(anonymous_2)
DA:2,2
DA:3,2
DA:5,2
DA:6,2
DA:9,2
DA:12,4
DA:15,2
LF:7
LH:7
BRDA:2,0,0,2
BRDA:2,0,1,2
BRDA:2,0,2,2
BRDA:3,1,0,0
BRDA:3,1,1,2
BRDA:3,2,0,2
BRDA:3,2,1,2
BRF:7
BRH:6
end_of_record
TN:
SF:dist/src/infra/repository/database/itemRepositoryDatabase.js
FN:2,(anonymous_0)
FN:3,adopt
FN:3,(anonymous_2)
FN:4,(anonymous_3)
FN:5,fulfilled
FN:6,rejected
FN:7,step
FN:11,(anonymous_7)
FN:17,(anonymous_8)
FN:20,(anonymous_9)
FN:21,(anonymous_10)
FNF:11
FNH:9
FNDA:3,(anonymous_0)
FNDA:3,adopt
FNDA:0,(anonymous_2)
FNDA:3,(anonymous_3)
FNDA:3,fulfilled
FNDA:0,rejected
FNDA:6,step
FNDA:1,(anonymous_7)
FNDA:1,(anonymous_8)
FNDA:3,(anonymous_9)
FNDA:3,(anonymous_10)
DA:2,1
DA:3,3
DA:4,3
DA:5,3
DA:6,0
DA:7,6
DA:8,3
DA:11,1
DA:12,1
DA:14,1
DA:15,1
DA:18,1
DA:21,3
DA:22,3
DA:23,3
DA:24,0
DA:25,3
DA:29,1
LF:18
LH:16
BRDA:2,0,0,1
BRDA:2,0,1,1
BRDA:2,0,2,1
BRDA:3,1,0,3
BRDA:3,1,1,0
BRDA:4,2,0,3
BRDA:4,2,1,3
BRDA:7,3,0,3
BRDA:7,3,1,3
BRDA:8,4,0,3
BRDA:8,4,1,3
BRDA:11,5,0,1
BRDA:11,5,1,1
BRDA:11,5,2,1
BRDA:12,6,0,1
BRDA:12,6,1,0
BRDA:12,7,0,1
BRDA:12,7,1,1
BRDA:23,8,0,0
BRDA:23,8,1,3
BRF:20
BRH:17
end_of_record
TN:
SF:dist/src/infra/repository/memory/CouponRepositoryMemory.js
FN:2,(anonymous_0)
FN:8,(anonymous_1)
FN:13,(anonymous_2)
FN:14,(anonymous_3)
FNF:4
FNH:4
FNDA:1,(anonymous_0)
FNDA:3,(anonymous_1)
FNDA:1,(anonymous_2)
FNDA:1,(anonymous_3)
DA:2,1
DA:3,1
DA:5,1
DA:6,1
DA:9,3
DA:14,1
DA:17,1
LF:7
LH:7
BRDA:2,0,0,1
BRDA:2,0,1,1
BRDA:2,0,2,1
BRDA:3,1,0,1
BRDA:3,1,1,0
BRDA:3,2,0,1
BRDA:3,2,1,1
BRF:7
BRH:6
end_of_record
TN:
SF:dist/src/infra/repository/memory/ItemRepositoryMemory.js
FN:2,(anonymous_0)
FN:8,(anonymous_1)
FN:18,(anonymous_2)
FN:19,(anonymous_3)
FNF:4
FNH:4
FNDA:1,(anonymous_0)
FNDA:2,(anonymous_1)
FNDA:6,(anonymous_2)
FNDA:21,(anonymous_3)
DA:2,1
DA:3,1
DA:5,1
DA:6,1
DA:9,2
DA:19,21
DA:22,1
LF:7
LH:7
BRDA:2,0,0,1
BRDA:2,0,1,1
BRDA:2,0,2,1
BRDA:3,1,0,1
BRDA:3,1,1,0
BRDA:3,2,0,1
BRDA:3,2,1,1
BRF:7
BRH:6
end_of_record
TN:
SF:dist/src/infra/repository/memory/OrderRepositoryMemory.js
FN:4,(anonymous_0)
FN:7,(anonymous_1)
FN:11,(anonymous_2)
FNF:3
FNH:3
FNDA:3,(anonymous_0)
FNDA:3,(anonymous_1)
FNDA:3,(anonymous_2)
DA:2,1
DA:5,3
DA:8,3
DA:9,3
DA:12,3
DA:15,1
LF:6
LH:6
BRF:0
BRH:0
end_of_record
